SF:lib/pie_model.dart
DA:8,2
LF:1
LH:1
end_of_record
SF:lib/gauge_chart_widget.dart
DA:47,0
DA:68,0
DA:71,0
DA:73,0
DA:75,0
DA:76,0
DA:77,0
DA:78,0
DA:79,0
DA:80,0
DA:82,0
DA:85,0
DA:86,0
DA:87,0
DA:89,0
DA:90,0
DA:93,0
DA:94,0
DA:95,0
DA:96,0
DA:98,0
DA:100,0
DA:101,0
DA:102,0
DA:103,0
DA:104,0
DA:105,0
DA:106,0
DA:108,0
DA:109,0
DA:110,0
DA:111,0
DA:112,0
DA:113,0
DA:114,0
DA:115,0
DA:116,0
DA:117,0
DA:118,0
DA:120,0
LF:40
LH:0
end_of_record
SF:lib/gauge_chart_painter.dart
DA:36,0
DA:55,0
DA:57,0
DA:59,0
DA:60,0
DA:62,0
DA:63,0
DA:64,0
DA:65,0
DA:67,0
DA:68,0
DA:70,0
DA:74,0
DA:75,0
DA:79,0
DA:81,0
DA:82,0
DA:86,0
DA:97,0
DA:98,0
DA:99,0
DA:100,0
DA:103,0
DA:104,0
DA:105,0
DA:106,0
DA:107,0
DA:108,0
DA:110,0
DA:111,0
DA:124,0
DA:125,0
DA:127,0
DA:128,0
DA:129,0
DA:131,0
DA:132,0
DA:133,0
DA:139,0
DA:143,0
DA:144,0
DA:145,0
DA:149,0
DA:150,0
DA:158,0
DA:159,0
DA:160,0
DA:161,0
DA:162,0
DA:163,0
DA:169,0
DA:170,0
DA:171,0
DA:179,0
DA:184,0
DA:186,0
DA:188,0
DA:190,0
LF:58
LH:0
end_of_record
SF:lib/pie_utils.dart
DA:5,1
DA:6,1
DA:7,3
DA:8,1
DA:9,4
DA:10,3
DA:12,2
DA:19,1
DA:21,1
DA:22,5
DA:26,1
DA:27,3
DA:28,2
DA:34,1
DA:35,1
DA:36,1
DA:37,1
DA:39,1
DA:44,1
DA:45,1
DA:46,2
DA:50,2
DA:58,1
DA:60,3
DA:61,6
DA:63,3
DA:65,6
DA:67,1
DA:68,1
DA:69,2
DA:70,0
DA:71,0
DA:72,0
DA:73,0
DA:75,1
DA:79,1
DA:80,1
DA:81,3
DA:82,1
DA:85,1
DA:87,1
LF:41
LH:37
end_of_record
